-------------------------------------------------------------------------------
Test set: edu.eci.cvds.tdd.registry.RegistryTest
-------------------------------------------------------------------------------
Tests run: 1, Failures: 1, Errors: 0, Skipped: 0, Time elapsed: 0.004 s <<< FAILURE! - in edu.eci.cvds.tdd.registry.RegistryTest
validateRegistryResult(edu.eci.cvds.tdd.registry.RegistryTest)  Time elapsed: 0.001 s  <<< FAILURE!
java.lang.AssertionError: expected:<INVALID> but was:<DEAD>
	at edu.eci.cvds.tdd.registry.RegistryTest.validateRegistryResult(RegistryTest.java:45)

